  stdafx.cpp
  HAS.cpp
  HASBView.cpp
HASBView.cpp(338): warning C4244: '=': 'INT_PTR'에서 'int'(으)로 변환하면서 데이터가 손실될 수 있습니다.
HASBView.cpp(503): warning C4244: '=': 'INT_PTR'에서 'int'(으)로 변환하면서 데이터가 손실될 수 있습니다.
  HASCView.cpp
HASCView.cpp(707): warning C4244: '=': 'INT_PTR'에서 'int'(으)로 변환하면서 데이터가 손실될 수 있습니다.
HASCView.cpp(708): warning C4244: '=': 'INT_PTR'에서 'int'(으)로 변환하면서 데이터가 손실될 수 있습니다.
  HASDoc.cpp
  HASDView.cpp
HASDView.cpp(1197): warning C4244: '=': 'INT_PTR'에서 'int'(으)로 변환하면서 데이터가 손실될 수 있습니다.
HASDView.cpp(1198): warning C4244: '=': 'INT_PTR'에서 'int'(으)로 변환하면서 데이터가 손실될 수 있습니다.
HASDView.cpp(1199): warning C4244: '=': 'INT_PTR'에서 'int'(으)로 변환하면서 데이터가 손실될 수 있습니다.
  HASView.cpp
  MainFrm.cpp
  코드를 생성하고 있습니다.
  422 of 429 functions (98.4%) were compiled, the rest were copied from previous compilation.
    33 functions were new in current compilation
    2 functions had inline decision re-evaluated but remain unchanged
  코드를 생성했습니다.
  HAS.vcxproj -> H:\A-Prima\Utility\재무관리\HAS Ver.18.0.06\x64\Release\HAS.exe
  HAS.vcxproj -> H:\A-Prima\Utility\재무관리\HAS Ver.18.0.06\x64\Release\HAS.pdb (Full PDB)
